ERROR - 2023-09-21 13:47:13 --> mysqli_sql_exception: Unknown column 'prod.id' in 'where clause' in C:\laragon\www\Prod\system\Database\MySQLi\Connection.php:306
Stack trace:
#0 C:\laragon\www\Prod\system\Database\MySQLi\Connection.php(306): mysqli->query('SELECT *\nFROM `...', 0)
#1 C:\laragon\www\Prod\system\Database\BaseConnection.php(692): CodeIgniter\Database\MySQLi\Connection->execute('SELECT *\nFROM `...')
#2 C:\laragon\www\Prod\system\Database\BaseConnection.php(606): CodeIgniter\Database\BaseConnection->simpleQuery('SELECT *\nFROM `...')
#3 C:\laragon\www\Prod\system\Database\BaseBuilder.php(1615): CodeIgniter\Database\BaseConnection->query('SELECT *\nFROM `...', Array, false)
#4 C:\laragon\www\Prod\system\Model.php(196): CodeIgniter\Database\BaseBuilder->get()
#5 C:\laragon\www\Prod\system\BaseModel.php(563): CodeIgniter\Model->doFind(true, '1')
#6 C:\laragon\www\Prod\app\Controllers\ProductController.php(50): CodeIgniter\BaseModel->find('1')
#7 C:\laragon\www\Prod\system\CodeIgniter.php(919): App\Controllers\ProductController->edit('1')
#8 C:\laragon\www\Prod\system\CodeIgniter.php(494): CodeIgniter\CodeIgniter->runController(Object(App\Controllers\ProductController))
#9 C:\laragon\www\Prod\system\CodeIgniter.php(353): CodeIgniter\CodeIgniter->handleRequest(NULL, Object(Config\Cache), false)
#10 C:\laragon\www\Prod\public\index.php(79): CodeIgniter\CodeIgniter->run()
#11 C:\laragon\www\Prod\system\Commands\Server\rewrite.php(47): require_once('C:\\laragon\\www\\...')
#12 {main}
CRITICAL - 2023-09-21 13:47:14 --> Unknown column 'prod.id' in 'where clause'
in SYSTEMPATH\Database\BaseConnection.php on line 646.
 1 SYSTEMPATH\Database\BaseBuilder.php(1615): CodeIgniter\Database\BaseConnection->query('SELECT *
FROM `prod`
WHERE `prod`.`id` = :prod.id:', [...], false)
 2 SYSTEMPATH\Model.php(196): CodeIgniter\Database\BaseBuilder->get()
 3 SYSTEMPATH\BaseModel.php(563): CodeIgniter\Model->doFind(true, '1')
 4 APPPATH\Controllers\ProductController.php(50): CodeIgniter\BaseModel->find('1')
 5 SYSTEMPATH\CodeIgniter.php(919): App\Controllers\ProductController->edit('1')
 6 SYSTEMPATH\CodeIgniter.php(494): CodeIgniter\CodeIgniter->runController(Object(App\Controllers\ProductController))
 7 SYSTEMPATH\CodeIgniter.php(353): CodeIgniter\CodeIgniter->handleRequest(null, Object(Config\Cache), false)
 8 FCPATH\index.php(79): CodeIgniter\CodeIgniter->run()
 9 SYSTEMPATH\Commands\Server\rewrite.php(47): require_once('C:\\laragon\\www\\Prod\\public\\index.php')
ERROR - 2023-09-21 13:47:22 --> mysqli_sql_exception: Unknown column 'prod.id' in 'where clause' in C:\laragon\www\Prod\system\Database\MySQLi\Connection.php:306
Stack trace:
#0 C:\laragon\www\Prod\system\Database\MySQLi\Connection.php(306): mysqli->query('SELECT *\nFROM `...', 0)
#1 C:\laragon\www\Prod\system\Database\BaseConnection.php(692): CodeIgniter\Database\MySQLi\Connection->execute('SELECT *\nFROM `...')
#2 C:\laragon\www\Prod\system\Database\BaseConnection.php(606): CodeIgniter\Database\BaseConnection->simpleQuery('SELECT *\nFROM `...')
#3 C:\laragon\www\Prod\system\Database\BaseBuilder.php(1615): CodeIgniter\Database\BaseConnection->query('SELECT *\nFROM `...', Array, false)
#4 C:\laragon\www\Prod\system\Model.php(196): CodeIgniter\Database\BaseBuilder->get()
#5 C:\laragon\www\Prod\system\BaseModel.php(563): CodeIgniter\Model->doFind(true, '1')
#6 C:\laragon\www\Prod\app\Controllers\ProductController.php(50): CodeIgniter\BaseModel->find('1')
#7 C:\laragon\www\Prod\system\CodeIgniter.php(919): App\Controllers\ProductController->edit('1')
#8 C:\laragon\www\Prod\system\CodeIgniter.php(494): CodeIgniter\CodeIgniter->runController(Object(App\Controllers\ProductController))
#9 C:\laragon\www\Prod\system\CodeIgniter.php(353): CodeIgniter\CodeIgniter->handleRequest(NULL, Object(Config\Cache), false)
#10 C:\laragon\www\Prod\public\index.php(79): CodeIgniter\CodeIgniter->run()
#11 C:\laragon\www\Prod\system\Commands\Server\rewrite.php(47): require_once('C:\\laragon\\www\\...')
#12 {main}
CRITICAL - 2023-09-21 13:47:22 --> Unknown column 'prod.id' in 'where clause'
in SYSTEMPATH\Database\BaseConnection.php on line 646.
 1 SYSTEMPATH\Database\BaseBuilder.php(1615): CodeIgniter\Database\BaseConnection->query('SELECT *
FROM `prod`
WHERE `prod`.`id` = :prod.id:', [...], false)
 2 SYSTEMPATH\Model.php(196): CodeIgniter\Database\BaseBuilder->get()
 3 SYSTEMPATH\BaseModel.php(563): CodeIgniter\Model->doFind(true, '1')
 4 APPPATH\Controllers\ProductController.php(50): CodeIgniter\BaseModel->find('1')
 5 SYSTEMPATH\CodeIgniter.php(919): App\Controllers\ProductController->edit('1')
 6 SYSTEMPATH\CodeIgniter.php(494): CodeIgniter\CodeIgniter->runController(Object(App\Controllers\ProductController))
 7 SYSTEMPATH\CodeIgniter.php(353): CodeIgniter\CodeIgniter->handleRequest(null, Object(Config\Cache), false)
 8 FCPATH\index.php(79): CodeIgniter\CodeIgniter->run()
 9 SYSTEMPATH\Commands\Server\rewrite.php(47): require_once('C:\\laragon\\www\\Prod\\public\\index.php')
ERROR - 2023-09-21 13:47:50 --> mysqli_sql_exception: Unknown column 'prod.id' in 'where clause' in C:\laragon\www\Prod\system\Database\MySQLi\Connection.php:306
Stack trace:
#0 C:\laragon\www\Prod\system\Database\MySQLi\Connection.php(306): mysqli->query('SELECT *\nFROM `...', 0)
#1 C:\laragon\www\Prod\system\Database\BaseConnection.php(692): CodeIgniter\Database\MySQLi\Connection->execute('SELECT *\nFROM `...')
#2 C:\laragon\www\Prod\system\Database\BaseConnection.php(606): CodeIgniter\Database\BaseConnection->simpleQuery('SELECT *\nFROM `...')
#3 C:\laragon\www\Prod\system\Database\BaseBuilder.php(1615): CodeIgniter\Database\BaseConnection->query('SELECT *\nFROM `...', Array, false)
#4 C:\laragon\www\Prod\system\Model.php(196): CodeIgniter\Database\BaseBuilder->get()
#5 C:\laragon\www\Prod\system\BaseModel.php(563): CodeIgniter\Model->doFind(true, '1')
#6 C:\laragon\www\Prod\app\Controllers\ProductController.php(50): CodeIgniter\BaseModel->find('1')
#7 C:\laragon\www\Prod\system\CodeIgniter.php(919): App\Controllers\ProductController->edit('1')
#8 C:\laragon\www\Prod\system\CodeIgniter.php(494): CodeIgniter\CodeIgniter->runController(Object(App\Controllers\ProductController))
#9 C:\laragon\www\Prod\system\CodeIgniter.php(353): CodeIgniter\CodeIgniter->handleRequest(NULL, Object(Config\Cache), false)
#10 C:\laragon\www\Prod\public\index.php(79): CodeIgniter\CodeIgniter->run()
#11 C:\laragon\www\Prod\system\Commands\Server\rewrite.php(47): require_once('C:\\laragon\\www\\...')
#12 {main}
CRITICAL - 2023-09-21 13:47:50 --> Unknown column 'prod.id' in 'where clause'
in SYSTEMPATH\Database\BaseConnection.php on line 646.
 1 SYSTEMPATH\Database\BaseBuilder.php(1615): CodeIgniter\Database\BaseConnection->query('SELECT *
FROM `prod`
WHERE `prod`.`id` = :prod.id:', [...], false)
 2 SYSTEMPATH\Model.php(196): CodeIgniter\Database\BaseBuilder->get()
 3 SYSTEMPATH\BaseModel.php(563): CodeIgniter\Model->doFind(true, '1')
 4 APPPATH\Controllers\ProductController.php(50): CodeIgniter\BaseModel->find('1')
 5 SYSTEMPATH\CodeIgniter.php(919): App\Controllers\ProductController->edit('1')
 6 SYSTEMPATH\CodeIgniter.php(494): CodeIgniter\CodeIgniter->runController(Object(App\Controllers\ProductController))
 7 SYSTEMPATH\CodeIgniter.php(353): CodeIgniter\CodeIgniter->handleRequest(null, Object(Config\Cache), false)
 8 FCPATH\index.php(79): CodeIgniter\CodeIgniter->run()
 9 SYSTEMPATH\Commands\Server\rewrite.php(47): require_once('C:\\laragon\\www\\Prod\\public\\index.php')
ERROR - 2023-09-21 13:51:33 --> mysqli_sql_exception: Unknown column 'prod.id' in 'where clause' in C:\laragon\www\Prod\system\Database\MySQLi\Connection.php:306
Stack trace:
#0 C:\laragon\www\Prod\system\Database\MySQLi\Connection.php(306): mysqli->query('SELECT *\nFROM `...', 0)
#1 C:\laragon\www\Prod\system\Database\BaseConnection.php(692): CodeIgniter\Database\MySQLi\Connection->execute('SELECT *\nFROM `...')
#2 C:\laragon\www\Prod\system\Database\BaseConnection.php(606): CodeIgniter\Database\BaseConnection->simpleQuery('SELECT *\nFROM `...')
#3 C:\laragon\www\Prod\system\Database\BaseBuilder.php(1615): CodeIgniter\Database\BaseConnection->query('SELECT *\nFROM `...', Array, false)
#4 C:\laragon\www\Prod\system\Model.php(196): CodeIgniter\Database\BaseBuilder->get()
#5 C:\laragon\www\Prod\system\BaseModel.php(563): CodeIgniter\Model->doFind(true, '2')
#6 C:\laragon\www\Prod\app\Controllers\ProductController.php(50): CodeIgniter\BaseModel->find('2')
#7 C:\laragon\www\Prod\system\CodeIgniter.php(919): App\Controllers\ProductController->edit('2')
#8 C:\laragon\www\Prod\system\CodeIgniter.php(494): CodeIgniter\CodeIgniter->runController(Object(App\Controllers\ProductController))
#9 C:\laragon\www\Prod\system\CodeIgniter.php(353): CodeIgniter\CodeIgniter->handleRequest(NULL, Object(Config\Cache), false)
#10 C:\laragon\www\Prod\public\index.php(79): CodeIgniter\CodeIgniter->run()
#11 C:\laragon\www\Prod\system\Commands\Server\rewrite.php(47): require_once('C:\\laragon\\www\\...')
#12 {main}
CRITICAL - 2023-09-21 13:51:33 --> Unknown column 'prod.id' in 'where clause'
in SYSTEMPATH\Database\BaseConnection.php on line 646.
 1 SYSTEMPATH\Database\BaseBuilder.php(1615): CodeIgniter\Database\BaseConnection->query('SELECT *
FROM `prod`
WHERE `prod`.`id` = :prod.id:', [...], false)
 2 SYSTEMPATH\Model.php(196): CodeIgniter\Database\BaseBuilder->get()
 3 SYSTEMPATH\BaseModel.php(563): CodeIgniter\Model->doFind(true, '2')
 4 APPPATH\Controllers\ProductController.php(50): CodeIgniter\BaseModel->find('2')
 5 SYSTEMPATH\CodeIgniter.php(919): App\Controllers\ProductController->edit('2')
 6 SYSTEMPATH\CodeIgniter.php(494): CodeIgniter\CodeIgniter->runController(Object(App\Controllers\ProductController))
 7 SYSTEMPATH\CodeIgniter.php(353): CodeIgniter\CodeIgniter->handleRequest(null, Object(Config\Cache), false)
 8 FCPATH\index.php(79): CodeIgniter\CodeIgniter->run()
 9 SYSTEMPATH\Commands\Server\rewrite.php(47): require_once('C:\\laragon\\www\\Prod\\public\\index.php')
ERROR - 2023-09-21 13:54:43 --> mysqli_sql_exception: Unknown column 'prod.id' in 'where clause' in C:\laragon\www\Prod\system\Database\MySQLi\Connection.php:306
Stack trace:
#0 C:\laragon\www\Prod\system\Database\MySQLi\Connection.php(306): mysqli->query('SELECT *\nFROM `...', 0)
#1 C:\laragon\www\Prod\system\Database\BaseConnection.php(692): CodeIgniter\Database\MySQLi\Connection->execute('SELECT *\nFROM `...')
#2 C:\laragon\www\Prod\system\Database\BaseConnection.php(606): CodeIgniter\Database\BaseConnection->simpleQuery('SELECT *\nFROM `...')
#3 C:\laragon\www\Prod\system\Database\BaseBuilder.php(1615): CodeIgniter\Database\BaseConnection->query('SELECT *\nFROM `...', Array, false)
#4 C:\laragon\www\Prod\system\Model.php(196): CodeIgniter\Database\BaseBuilder->get()
#5 C:\laragon\www\Prod\system\BaseModel.php(563): CodeIgniter\Model->doFind(true, '2')
#6 C:\laragon\www\Prod\app\Controllers\ProductController.php(50): CodeIgniter\BaseModel->find('2')
#7 C:\laragon\www\Prod\system\CodeIgniter.php(919): App\Controllers\ProductController->edit('2')
#8 C:\laragon\www\Prod\system\CodeIgniter.php(494): CodeIgniter\CodeIgniter->runController(Object(App\Controllers\ProductController))
#9 C:\laragon\www\Prod\system\CodeIgniter.php(353): CodeIgniter\CodeIgniter->handleRequest(NULL, Object(Config\Cache), false)
#10 C:\laragon\www\Prod\public\index.php(79): CodeIgniter\CodeIgniter->run()
#11 C:\laragon\www\Prod\system\Commands\Server\rewrite.php(47): require_once('C:\\laragon\\www\\...')
#12 {main}
CRITICAL - 2023-09-21 13:54:43 --> Unknown column 'prod.id' in 'where clause'
in SYSTEMPATH\Database\BaseConnection.php on line 646.
 1 SYSTEMPATH\Database\BaseBuilder.php(1615): CodeIgniter\Database\BaseConnection->query('SELECT *
FROM `prod`
WHERE `prod`.`id` = :prod.id:', [...], false)
 2 SYSTEMPATH\Model.php(196): CodeIgniter\Database\BaseBuilder->get()
 3 SYSTEMPATH\BaseModel.php(563): CodeIgniter\Model->doFind(true, '2')
 4 APPPATH\Controllers\ProductController.php(50): CodeIgniter\BaseModel->find('2')
 5 SYSTEMPATH\CodeIgniter.php(919): App\Controllers\ProductController->edit('2')
 6 SYSTEMPATH\CodeIgniter.php(494): CodeIgniter\CodeIgniter->runController(Object(App\Controllers\ProductController))
 7 SYSTEMPATH\CodeIgniter.php(353): CodeIgniter\CodeIgniter->handleRequest(null, Object(Config\Cache), false)
 8 FCPATH\index.php(79): CodeIgniter\CodeIgniter->run()
 9 SYSTEMPATH\Commands\Server\rewrite.php(47): require_once('C:\\laragon\\www\\Prod\\public\\index.php')
ERROR - 2023-09-21 13:54:45 --> mysqli_sql_exception: Unknown column 'prod.id' in 'where clause' in C:\laragon\www\Prod\system\Database\MySQLi\Connection.php:306
Stack trace:
#0 C:\laragon\www\Prod\system\Database\MySQLi\Connection.php(306): mysqli->query('SELECT *\nFROM `...', 0)
#1 C:\laragon\www\Prod\system\Database\BaseConnection.php(692): CodeIgniter\Database\MySQLi\Connection->execute('SELECT *\nFROM `...')
#2 C:\laragon\www\Prod\system\Database\BaseConnection.php(606): CodeIgniter\Database\BaseConnection->simpleQuery('SELECT *\nFROM `...')
#3 C:\laragon\www\Prod\system\Database\BaseBuilder.php(1615): CodeIgniter\Database\BaseConnection->query('SELECT *\nFROM `...', Array, false)
#4 C:\laragon\www\Prod\system\Model.php(196): CodeIgniter\Database\BaseBuilder->get()
#5 C:\laragon\www\Prod\system\BaseModel.php(563): CodeIgniter\Model->doFind(true, '2')
#6 C:\laragon\www\Prod\app\Controllers\ProductController.php(50): CodeIgniter\BaseModel->find('2')
#7 C:\laragon\www\Prod\system\CodeIgniter.php(919): App\Controllers\ProductController->edit('2')
#8 C:\laragon\www\Prod\system\CodeIgniter.php(494): CodeIgniter\CodeIgniter->runController(Object(App\Controllers\ProductController))
#9 C:\laragon\www\Prod\system\CodeIgniter.php(353): CodeIgniter\CodeIgniter->handleRequest(NULL, Object(Config\Cache), false)
#10 C:\laragon\www\Prod\public\index.php(79): CodeIgniter\CodeIgniter->run()
#11 C:\laragon\www\Prod\system\Commands\Server\rewrite.php(47): require_once('C:\\laragon\\www\\...')
#12 {main}
CRITICAL - 2023-09-21 13:54:45 --> Unknown column 'prod.id' in 'where clause'
in SYSTEMPATH\Database\BaseConnection.php on line 646.
 1 SYSTEMPATH\Database\BaseBuilder.php(1615): CodeIgniter\Database\BaseConnection->query('SELECT *
FROM `prod`
WHERE `prod`.`id` = :prod.id:', [...], false)
 2 SYSTEMPATH\Model.php(196): CodeIgniter\Database\BaseBuilder->get()
 3 SYSTEMPATH\BaseModel.php(563): CodeIgniter\Model->doFind(true, '2')
 4 APPPATH\Controllers\ProductController.php(50): CodeIgniter\BaseModel->find('2')
 5 SYSTEMPATH\CodeIgniter.php(919): App\Controllers\ProductController->edit('2')
 6 SYSTEMPATH\CodeIgniter.php(494): CodeIgniter\CodeIgniter->runController(Object(App\Controllers\ProductController))
 7 SYSTEMPATH\CodeIgniter.php(353): CodeIgniter\CodeIgniter->handleRequest(null, Object(Config\Cache), false)
 8 FCPATH\index.php(79): CodeIgniter\CodeIgniter->run()
 9 SYSTEMPATH\Commands\Server\rewrite.php(47): require_once('C:\\laragon\\www\\Prod\\public\\index.php')
ERROR - 2023-09-21 13:57:52 --> mysqli_sql_exception: Unknown column 'prod.id' in 'where clause' in C:\laragon\www\Prod\system\Database\MySQLi\Connection.php:306
Stack trace:
#0 C:\laragon\www\Prod\system\Database\MySQLi\Connection.php(306): mysqli->query('SELECT *\nFROM `...', 0)
#1 C:\laragon\www\Prod\system\Database\BaseConnection.php(692): CodeIgniter\Database\MySQLi\Connection->execute('SELECT *\nFROM `...')
#2 C:\laragon\www\Prod\system\Database\BaseConnection.php(606): CodeIgniter\Database\BaseConnection->simpleQuery('SELECT *\nFROM `...')
#3 C:\laragon\www\Prod\system\Database\BaseBuilder.php(1615): CodeIgniter\Database\BaseConnection->query('SELECT *\nFROM `...', Array, false)
#4 C:\laragon\www\Prod\system\Model.php(196): CodeIgniter\Database\BaseBuilder->get()
#5 C:\laragon\www\Prod\system\BaseModel.php(563): CodeIgniter\Model->doFind(true, '1')
#6 C:\laragon\www\Prod\app\Controllers\ProductController.php(50): CodeIgniter\BaseModel->find('1')
#7 C:\laragon\www\Prod\system\CodeIgniter.php(919): App\Controllers\ProductController->edit('1')
#8 C:\laragon\www\Prod\system\CodeIgniter.php(494): CodeIgniter\CodeIgniter->runController(Object(App\Controllers\ProductController))
#9 C:\laragon\www\Prod\system\CodeIgniter.php(353): CodeIgniter\CodeIgniter->handleRequest(NULL, Object(Config\Cache), false)
#10 C:\laragon\www\Prod\public\index.php(79): CodeIgniter\CodeIgniter->run()
#11 C:\laragon\www\Prod\system\Commands\Server\rewrite.php(47): require_once('C:\\laragon\\www\\...')
#12 {main}
CRITICAL - 2023-09-21 13:57:52 --> Unknown column 'prod.id' in 'where clause'
in SYSTEMPATH\Database\BaseConnection.php on line 646.
 1 SYSTEMPATH\Database\BaseBuilder.php(1615): CodeIgniter\Database\BaseConnection->query('SELECT *
FROM `prod`
WHERE `prod`.`id` = :prod.id:', [...], false)
 2 SYSTEMPATH\Model.php(196): CodeIgniter\Database\BaseBuilder->get()
 3 SYSTEMPATH\BaseModel.php(563): CodeIgniter\Model->doFind(true, '1')
 4 APPPATH\Controllers\ProductController.php(50): CodeIgniter\BaseModel->find('1')
 5 SYSTEMPATH\CodeIgniter.php(919): App\Controllers\ProductController->edit('1')
 6 SYSTEMPATH\CodeIgniter.php(494): CodeIgniter\CodeIgniter->runController(Object(App\Controllers\ProductController))
 7 SYSTEMPATH\CodeIgniter.php(353): CodeIgniter\CodeIgniter->handleRequest(null, Object(Config\Cache), false)
 8 FCPATH\index.php(79): CodeIgniter\CodeIgniter->run()
 9 SYSTEMPATH\Commands\Server\rewrite.php(47): require_once('C:\\laragon\\www\\Prod\\public\\index.php')
ERROR - 2023-09-21 13:57:57 --> mysqli_sql_exception: Unknown column 'prod.id' in 'where clause' in C:\laragon\www\Prod\system\Database\MySQLi\Connection.php:306
Stack trace:
#0 C:\laragon\www\Prod\system\Database\MySQLi\Connection.php(306): mysqli->query('SELECT *\nFROM `...', 0)
#1 C:\laragon\www\Prod\system\Database\BaseConnection.php(692): CodeIgniter\Database\MySQLi\Connection->execute('SELECT *\nFROM `...')
#2 C:\laragon\www\Prod\system\Database\BaseConnection.php(606): CodeIgniter\Database\BaseConnection->simpleQuery('SELECT *\nFROM `...')
#3 C:\laragon\www\Prod\system\Database\BaseBuilder.php(1615): CodeIgniter\Database\BaseConnection->query('SELECT *\nFROM `...', Array, false)
#4 C:\laragon\www\Prod\system\Model.php(196): CodeIgniter\Database\BaseBuilder->get()
#5 C:\laragon\www\Prod\system\BaseModel.php(563): CodeIgniter\Model->doFind(true, '1')
#6 C:\laragon\www\Prod\app\Controllers\ProductController.php(50): CodeIgniter\BaseModel->find('1')
#7 C:\laragon\www\Prod\system\CodeIgniter.php(919): App\Controllers\ProductController->edit('1')
#8 C:\laragon\www\Prod\system\CodeIgniter.php(494): CodeIgniter\CodeIgniter->runController(Object(App\Controllers\ProductController))
#9 C:\laragon\www\Prod\system\CodeIgniter.php(353): CodeIgniter\CodeIgniter->handleRequest(NULL, Object(Config\Cache), false)
#10 C:\laragon\www\Prod\public\index.php(79): CodeIgniter\CodeIgniter->run()
#11 C:\laragon\www\Prod\system\Commands\Server\rewrite.php(47): require_once('C:\\laragon\\www\\...')
#12 {main}
CRITICAL - 2023-09-21 13:57:57 --> Unknown column 'prod.id' in 'where clause'
in SYSTEMPATH\Database\BaseConnection.php on line 646.
 1 SYSTEMPATH\Database\BaseBuilder.php(1615): CodeIgniter\Database\BaseConnection->query('SELECT *
FROM `prod`
WHERE `prod`.`id` = :prod.id:', [...], false)
 2 SYSTEMPATH\Model.php(196): CodeIgniter\Database\BaseBuilder->get()
 3 SYSTEMPATH\BaseModel.php(563): CodeIgniter\Model->doFind(true, '1')
 4 APPPATH\Controllers\ProductController.php(50): CodeIgniter\BaseModel->find('1')
 5 SYSTEMPATH\CodeIgniter.php(919): App\Controllers\ProductController->edit('1')
 6 SYSTEMPATH\CodeIgniter.php(494): CodeIgniter\CodeIgniter->runController(Object(App\Controllers\ProductController))
 7 SYSTEMPATH\CodeIgniter.php(353): CodeIgniter\CodeIgniter->handleRequest(null, Object(Config\Cache), false)
 8 FCPATH\index.php(79): CodeIgniter\CodeIgniter->run()
 9 SYSTEMPATH\Commands\Server\rewrite.php(47): require_once('C:\\laragon\\www\\Prod\\public\\index.php')
ERROR - 2023-09-21 14:00:49 --> mysqli_sql_exception: Unknown column 'prod.id' in 'where clause' in C:\laragon\www\Prod\system\Database\MySQLi\Connection.php:306
Stack trace:
#0 C:\laragon\www\Prod\system\Database\MySQLi\Connection.php(306): mysqli->query('SELECT *\nFROM `...', 0)
#1 C:\laragon\www\Prod\system\Database\BaseConnection.php(692): CodeIgniter\Database\MySQLi\Connection->execute('SELECT *\nFROM `...')
#2 C:\laragon\www\Prod\system\Database\BaseConnection.php(606): CodeIgniter\Database\BaseConnection->simpleQuery('SELECT *\nFROM `...')
#3 C:\laragon\www\Prod\system\Database\BaseBuilder.php(1615): CodeIgniter\Database\BaseConnection->query('SELECT *\nFROM `...', Array, false)
#4 C:\laragon\www\Prod\system\Model.php(196): CodeIgniter\Database\BaseBuilder->get()
#5 C:\laragon\www\Prod\system\BaseModel.php(563): CodeIgniter\Model->doFind(true, '1')
#6 C:\laragon\www\Prod\app\Controllers\ProductController.php(50): CodeIgniter\BaseModel->find('1')
#7 C:\laragon\www\Prod\system\CodeIgniter.php(919): App\Controllers\ProductController->edit('1')
#8 C:\laragon\www\Prod\system\CodeIgniter.php(494): CodeIgniter\CodeIgniter->runController(Object(App\Controllers\ProductController))
#9 C:\laragon\www\Prod\system\CodeIgniter.php(353): CodeIgniter\CodeIgniter->handleRequest(NULL, Object(Config\Cache), false)
#10 C:\laragon\www\Prod\public\index.php(79): CodeIgniter\CodeIgniter->run()
#11 C:\laragon\www\Prod\system\Commands\Server\rewrite.php(47): require_once('C:\\laragon\\www\\...')
#12 {main}
CRITICAL - 2023-09-21 14:00:49 --> Unknown column 'prod.id' in 'where clause'
in SYSTEMPATH\Database\BaseConnection.php on line 646.
 1 SYSTEMPATH\Database\BaseBuilder.php(1615): CodeIgniter\Database\BaseConnection->query('SELECT *
FROM `prod`
WHERE `prod`.`id` = :prod.id:', [...], false)
 2 SYSTEMPATH\Model.php(196): CodeIgniter\Database\BaseBuilder->get()
 3 SYSTEMPATH\BaseModel.php(563): CodeIgniter\Model->doFind(true, '1')
 4 APPPATH\Controllers\ProductController.php(50): CodeIgniter\BaseModel->find('1')
 5 SYSTEMPATH\CodeIgniter.php(919): App\Controllers\ProductController->edit('1')
 6 SYSTEMPATH\CodeIgniter.php(494): CodeIgniter\CodeIgniter->runController(Object(App\Controllers\ProductController))
 7 SYSTEMPATH\CodeIgniter.php(353): CodeIgniter\CodeIgniter->handleRequest(null, Object(Config\Cache), false)
 8 FCPATH\index.php(79): CodeIgniter\CodeIgniter->run()
 9 SYSTEMPATH\Commands\Server\rewrite.php(47): require_once('C:\\laragon\\www\\Prod\\public\\index.php')
ERROR - 2023-09-21 14:01:03 --> mysqli_sql_exception: Unknown column 'prod.id' in 'where clause' in C:\laragon\www\Prod\system\Database\MySQLi\Connection.php:306
Stack trace:
#0 C:\laragon\www\Prod\system\Database\MySQLi\Connection.php(306): mysqli->query('SELECT *\nFROM `...', 0)
#1 C:\laragon\www\Prod\system\Database\BaseConnection.php(692): CodeIgniter\Database\MySQLi\Connection->execute('SELECT *\nFROM `...')
#2 C:\laragon\www\Prod\system\Database\BaseConnection.php(606): CodeIgniter\Database\BaseConnection->simpleQuery('SELECT *\nFROM `...')
#3 C:\laragon\www\Prod\system\Database\BaseBuilder.php(1615): CodeIgniter\Database\BaseConnection->query('SELECT *\nFROM `...', Array, false)
#4 C:\laragon\www\Prod\system\Model.php(196): CodeIgniter\Database\BaseBuilder->get()
#5 C:\laragon\www\Prod\system\BaseModel.php(563): CodeIgniter\Model->doFind(true, '1')
#6 C:\laragon\www\Prod\app\Controllers\ProductController.php(50): CodeIgniter\BaseModel->find('1')
#7 C:\laragon\www\Prod\system\CodeIgniter.php(919): App\Controllers\ProductController->edit('1')
#8 C:\laragon\www\Prod\system\CodeIgniter.php(494): CodeIgniter\CodeIgniter->runController(Object(App\Controllers\ProductController))
#9 C:\laragon\www\Prod\system\CodeIgniter.php(353): CodeIgniter\CodeIgniter->handleRequest(NULL, Object(Config\Cache), false)
#10 C:\laragon\www\Prod\public\index.php(79): CodeIgniter\CodeIgniter->run()
#11 C:\laragon\www\Prod\system\Commands\Server\rewrite.php(47): require_once('C:\\laragon\\www\\...')
#12 {main}
CRITICAL - 2023-09-21 14:01:03 --> Unknown column 'prod.id' in 'where clause'
in SYSTEMPATH\Database\BaseConnection.php on line 646.
 1 SYSTEMPATH\Database\BaseBuilder.php(1615): CodeIgniter\Database\BaseConnection->query('SELECT *
FROM `prod`
WHERE `prod`.`id` = :prod.id:', [...], false)
 2 SYSTEMPATH\Model.php(196): CodeIgniter\Database\BaseBuilder->get()
 3 SYSTEMPATH\BaseModel.php(563): CodeIgniter\Model->doFind(true, '1')
 4 APPPATH\Controllers\ProductController.php(50): CodeIgniter\BaseModel->find('1')
 5 SYSTEMPATH\CodeIgniter.php(919): App\Controllers\ProductController->edit('1')
 6 SYSTEMPATH\CodeIgniter.php(494): CodeIgniter\CodeIgniter->runController(Object(App\Controllers\ProductController))
 7 SYSTEMPATH\CodeIgniter.php(353): CodeIgniter\CodeIgniter->handleRequest(null, Object(Config\Cache), false)
 8 FCPATH\index.php(79): CodeIgniter\CodeIgniter->run()
 9 SYSTEMPATH\Commands\Server\rewrite.php(47): require_once('C:\\laragon\\www\\Prod\\public\\index.php')
ERROR - 2023-09-21 14:04:35 --> mysqli_sql_exception: Unknown column 'prod.id' in 'where clause' in C:\laragon\www\Prod\system\Database\MySQLi\Connection.php:306
Stack trace:
#0 C:\laragon\www\Prod\system\Database\MySQLi\Connection.php(306): mysqli->query('SELECT *\nFROM `...', 0)
#1 C:\laragon\www\Prod\system\Database\BaseConnection.php(692): CodeIgniter\Database\MySQLi\Connection->execute('SELECT *\nFROM `...')
#2 C:\laragon\www\Prod\system\Database\BaseConnection.php(606): CodeIgniter\Database\BaseConnection->simpleQuery('SELECT *\nFROM `...')
#3 C:\laragon\www\Prod\system\Database\BaseBuilder.php(1615): CodeIgniter\Database\BaseConnection->query('SELECT *\nFROM `...', Array, false)
#4 C:\laragon\www\Prod\system\Model.php(196): CodeIgniter\Database\BaseBuilder->get()
#5 C:\laragon\www\Prod\system\BaseModel.php(563): CodeIgniter\Model->doFind(true, '1')
#6 C:\laragon\www\Prod\app\Controllers\ProductController.php(51): CodeIgniter\BaseModel->find('1')
#7 C:\laragon\www\Prod\system\CodeIgniter.php(919): App\Controllers\ProductController->edit('1')
#8 C:\laragon\www\Prod\system\CodeIgniter.php(494): CodeIgniter\CodeIgniter->runController(Object(App\Controllers\ProductController))
#9 C:\laragon\www\Prod\system\CodeIgniter.php(353): CodeIgniter\CodeIgniter->handleRequest(NULL, Object(Config\Cache), false)
#10 C:\laragon\www\Prod\public\index.php(79): CodeIgniter\CodeIgniter->run()
#11 C:\laragon\www\Prod\system\Commands\Server\rewrite.php(47): require_once('C:\\laragon\\www\\...')
#12 {main}
CRITICAL - 2023-09-21 14:04:35 --> Unknown column 'prod.id' in 'where clause'
in SYSTEMPATH\Database\BaseConnection.php on line 646.
 1 SYSTEMPATH\Database\BaseBuilder.php(1615): CodeIgniter\Database\BaseConnection->query('SELECT *
FROM `prod`
WHERE `prod`.`id` = :prod.id:', [...], false)
 2 SYSTEMPATH\Model.php(196): CodeIgniter\Database\BaseBuilder->get()
 3 SYSTEMPATH\BaseModel.php(563): CodeIgniter\Model->doFind(true, '1')
 4 APPPATH\Controllers\ProductController.php(51): CodeIgniter\BaseModel->find('1')
 5 SYSTEMPATH\CodeIgniter.php(919): App\Controllers\ProductController->edit('1')
 6 SYSTEMPATH\CodeIgniter.php(494): CodeIgniter\CodeIgniter->runController(Object(App\Controllers\ProductController))
 7 SYSTEMPATH\CodeIgniter.php(353): CodeIgniter\CodeIgniter->handleRequest(null, Object(Config\Cache), false)
 8 FCPATH\index.php(79): CodeIgniter\CodeIgniter->run()
 9 SYSTEMPATH\Commands\Server\rewrite.php(47): require_once('C:\\laragon\\www\\Prod\\public\\index.php')
ERROR - 2023-09-21 14:04:50 --> mysqli_sql_exception: Unknown column 'prod.id' in 'where clause' in C:\laragon\www\Prod\system\Database\MySQLi\Connection.php:306
Stack trace:
#0 C:\laragon\www\Prod\system\Database\MySQLi\Connection.php(306): mysqli->query('SELECT *\nFROM `...', 0)
#1 C:\laragon\www\Prod\system\Database\BaseConnection.php(692): CodeIgniter\Database\MySQLi\Connection->execute('SELECT *\nFROM `...')
#2 C:\laragon\www\Prod\system\Database\BaseConnection.php(606): CodeIgniter\Database\BaseConnection->simpleQuery('SELECT *\nFROM `...')
#3 C:\laragon\www\Prod\system\Database\BaseBuilder.php(1615): CodeIgniter\Database\BaseConnection->query('SELECT *\nFROM `...', Array, false)
#4 C:\laragon\www\Prod\system\Model.php(196): CodeIgniter\Database\BaseBuilder->get()
#5 C:\laragon\www\Prod\system\BaseModel.php(563): CodeIgniter\Model->doFind(true, '1')
#6 C:\laragon\www\Prod\app\Controllers\ProductController.php(51): CodeIgniter\BaseModel->find('1')
#7 C:\laragon\www\Prod\system\CodeIgniter.php(919): App\Controllers\ProductController->edit('1')
#8 C:\laragon\www\Prod\system\CodeIgniter.php(494): CodeIgniter\CodeIgniter->runController(Object(App\Controllers\ProductController))
#9 C:\laragon\www\Prod\system\CodeIgniter.php(353): CodeIgniter\CodeIgniter->handleRequest(NULL, Object(Config\Cache), false)
#10 C:\laragon\www\Prod\public\index.php(79): CodeIgniter\CodeIgniter->run()
#11 C:\laragon\www\Prod\system\Commands\Server\rewrite.php(47): require_once('C:\\laragon\\www\\...')
#12 {main}
CRITICAL - 2023-09-21 14:04:50 --> Unknown column 'prod.id' in 'where clause'
in SYSTEMPATH\Database\BaseConnection.php on line 646.
 1 SYSTEMPATH\Database\BaseBuilder.php(1615): CodeIgniter\Database\BaseConnection->query('SELECT *
FROM `prod`
WHERE `prod`.`id` = :prod.id:', [...], false)
 2 SYSTEMPATH\Model.php(196): CodeIgniter\Database\BaseBuilder->get()
 3 SYSTEMPATH\BaseModel.php(563): CodeIgniter\Model->doFind(true, '1')
 4 APPPATH\Controllers\ProductController.php(51): CodeIgniter\BaseModel->find('1')
 5 SYSTEMPATH\CodeIgniter.php(919): App\Controllers\ProductController->edit('1')
 6 SYSTEMPATH\CodeIgniter.php(494): CodeIgniter\CodeIgniter->runController(Object(App\Controllers\ProductController))
 7 SYSTEMPATH\CodeIgniter.php(353): CodeIgniter\CodeIgniter->handleRequest(null, Object(Config\Cache), false)
 8 FCPATH\index.php(79): CodeIgniter\CodeIgniter->run()
 9 SYSTEMPATH\Commands\Server\rewrite.php(47): require_once('C:\\laragon\\www\\Prod\\public\\index.php')
ERROR - 2023-09-21 14:07:38 --> mysqli_sql_exception: Unknown column 'prod.id' in 'where clause' in C:\laragon\www\Prod\system\Database\MySQLi\Connection.php:306
Stack trace:
#0 C:\laragon\www\Prod\system\Database\MySQLi\Connection.php(306): mysqli->query('SELECT *\nFROM `...', 0)
#1 C:\laragon\www\Prod\system\Database\BaseConnection.php(692): CodeIgniter\Database\MySQLi\Connection->execute('SELECT *\nFROM `...')
#2 C:\laragon\www\Prod\system\Database\BaseConnection.php(606): CodeIgniter\Database\BaseConnection->simpleQuery('SELECT *\nFROM `...')
#3 C:\laragon\www\Prod\system\Database\BaseBuilder.php(1615): CodeIgniter\Database\BaseConnection->query('SELECT *\nFROM `...', Array, false)
#4 C:\laragon\www\Prod\system\Model.php(196): CodeIgniter\Database\BaseBuilder->get()
#5 C:\laragon\www\Prod\system\BaseModel.php(563): CodeIgniter\Model->doFind(true, '2')
#6 C:\laragon\www\Prod\app\Controllers\ProductController.php(51): CodeIgniter\BaseModel->find('2')
#7 C:\laragon\www\Prod\system\CodeIgniter.php(919): App\Controllers\ProductController->edit('2')
#8 C:\laragon\www\Prod\system\CodeIgniter.php(494): CodeIgniter\CodeIgniter->runController(Object(App\Controllers\ProductController))
#9 C:\laragon\www\Prod\system\CodeIgniter.php(353): CodeIgniter\CodeIgniter->handleRequest(NULL, Object(Config\Cache), false)
#10 C:\laragon\www\Prod\public\index.php(79): CodeIgniter\CodeIgniter->run()
#11 C:\laragon\www\Prod\system\Commands\Server\rewrite.php(47): require_once('C:\\laragon\\www\\...')
#12 {main}
CRITICAL - 2023-09-21 14:07:38 --> Unknown column 'prod.id' in 'where clause'
in SYSTEMPATH\Database\BaseConnection.php on line 646.
 1 SYSTEMPATH\Database\BaseBuilder.php(1615): CodeIgniter\Database\BaseConnection->query('SELECT *
FROM `prod`
WHERE `prod`.`id` = :prod.id:', [...], false)
 2 SYSTEMPATH\Model.php(196): CodeIgniter\Database\BaseBuilder->get()
 3 SYSTEMPATH\BaseModel.php(563): CodeIgniter\Model->doFind(true, '2')
 4 APPPATH\Controllers\ProductController.php(51): CodeIgniter\BaseModel->find('2')
 5 SYSTEMPATH\CodeIgniter.php(919): App\Controllers\ProductController->edit('2')
 6 SYSTEMPATH\CodeIgniter.php(494): CodeIgniter\CodeIgniter->runController(Object(App\Controllers\ProductController))
 7 SYSTEMPATH\CodeIgniter.php(353): CodeIgniter\CodeIgniter->handleRequest(null, Object(Config\Cache), false)
 8 FCPATH\index.php(79): CodeIgniter\CodeIgniter->run()
 9 SYSTEMPATH\Commands\Server\rewrite.php(47): require_once('C:\\laragon\\www\\Prod\\public\\index.php')
ERROR - 2023-09-21 14:08:52 --> mysqli_sql_exception: Unknown column 'prod.id' in 'where clause' in C:\laragon\www\Prod\system\Database\MySQLi\Connection.php:306
Stack trace:
#0 C:\laragon\www\Prod\system\Database\MySQLi\Connection.php(306): mysqli->query('SELECT *\nFROM `...', 0)
#1 C:\laragon\www\Prod\system\Database\BaseConnection.php(692): CodeIgniter\Database\MySQLi\Connection->execute('SELECT *\nFROM `...')
#2 C:\laragon\www\Prod\system\Database\BaseConnection.php(606): CodeIgniter\Database\BaseConnection->simpleQuery('SELECT *\nFROM `...')
#3 C:\laragon\www\Prod\system\Database\BaseBuilder.php(1615): CodeIgniter\Database\BaseConnection->query('SELECT *\nFROM `...', Array, false)
#4 C:\laragon\www\Prod\system\Model.php(196): CodeIgniter\Database\BaseBuilder->get()
#5 C:\laragon\www\Prod\system\BaseModel.php(563): CodeIgniter\Model->doFind(true, '2')
#6 C:\laragon\www\Prod\app\Controllers\ProductController.php(51): CodeIgniter\BaseModel->find('2')
#7 C:\laragon\www\Prod\system\CodeIgniter.php(919): App\Controllers\ProductController->edit('2')
#8 C:\laragon\www\Prod\system\CodeIgniter.php(494): CodeIgniter\CodeIgniter->runController(Object(App\Controllers\ProductController))
#9 C:\laragon\www\Prod\system\CodeIgniter.php(353): CodeIgniter\CodeIgniter->handleRequest(NULL, Object(Config\Cache), false)
#10 C:\laragon\www\Prod\public\index.php(79): CodeIgniter\CodeIgniter->run()
#11 C:\laragon\www\Prod\system\Commands\Server\rewrite.php(47): require_once('C:\\laragon\\www\\...')
#12 {main}
CRITICAL - 2023-09-21 14:08:52 --> Unknown column 'prod.id' in 'where clause'
in SYSTEMPATH\Database\BaseConnection.php on line 646.
 1 SYSTEMPATH\Database\BaseBuilder.php(1615): CodeIgniter\Database\BaseConnection->query('SELECT *
FROM `prod`
WHERE `prod`.`id` = :prod.id:', [...], false)
 2 SYSTEMPATH\Model.php(196): CodeIgniter\Database\BaseBuilder->get()
 3 SYSTEMPATH\BaseModel.php(563): CodeIgniter\Model->doFind(true, '2')
 4 APPPATH\Controllers\ProductController.php(51): CodeIgniter\BaseModel->find('2')
 5 SYSTEMPATH\CodeIgniter.php(919): App\Controllers\ProductController->edit('2')
 6 SYSTEMPATH\CodeIgniter.php(494): CodeIgniter\CodeIgniter->runController(Object(App\Controllers\ProductController))
 7 SYSTEMPATH\CodeIgniter.php(353): CodeIgniter\CodeIgniter->handleRequest(null, Object(Config\Cache), false)
 8 FCPATH\index.php(79): CodeIgniter\CodeIgniter->run()
 9 SYSTEMPATH\Commands\Server\rewrite.php(47): require_once('C:\\laragon\\www\\Prod\\public\\index.php')
ERROR - 2023-09-21 14:11:49 --> mysqli_sql_exception: Unknown column 'prod.id' in 'where clause' in C:\laragon\www\Prod\system\Database\MySQLi\Connection.php:306
Stack trace:
#0 C:\laragon\www\Prod\system\Database\MySQLi\Connection.php(306): mysqli->query('SELECT *\nFROM `...', 0)
#1 C:\laragon\www\Prod\system\Database\BaseConnection.php(692): CodeIgniter\Database\MySQLi\Connection->execute('SELECT *\nFROM `...')
#2 C:\laragon\www\Prod\system\Database\BaseConnection.php(606): CodeIgniter\Database\BaseConnection->simpleQuery('SELECT *\nFROM `...')
#3 C:\laragon\www\Prod\system\Database\BaseBuilder.php(1615): CodeIgniter\Database\BaseConnection->query('SELECT *\nFROM `...', Array, false)
#4 C:\laragon\www\Prod\system\Model.php(196): CodeIgniter\Database\BaseBuilder->get()
#5 C:\laragon\www\Prod\system\BaseModel.php(563): CodeIgniter\Model->doFind(true, '1')
#6 C:\laragon\www\Prod\app\Controllers\ProductController.php(51): CodeIgniter\BaseModel->find('1')
#7 C:\laragon\www\Prod\system\CodeIgniter.php(919): App\Controllers\ProductController->edit('1')
#8 C:\laragon\www\Prod\system\CodeIgniter.php(494): CodeIgniter\CodeIgniter->runController(Object(App\Controllers\ProductController))
#9 C:\laragon\www\Prod\system\CodeIgniter.php(353): CodeIgniter\CodeIgniter->handleRequest(NULL, Object(Config\Cache), false)
#10 C:\laragon\www\Prod\public\index.php(79): CodeIgniter\CodeIgniter->run()
#11 C:\laragon\www\Prod\system\Commands\Server\rewrite.php(47): require_once('C:\\laragon\\www\\...')
#12 {main}
CRITICAL - 2023-09-21 14:11:49 --> Unknown column 'prod.id' in 'where clause'
in SYSTEMPATH\Database\BaseConnection.php on line 646.
 1 SYSTEMPATH\Database\BaseBuilder.php(1615): CodeIgniter\Database\BaseConnection->query('SELECT *
FROM `prod`
WHERE `prod`.`id` = :prod.id:', [...], false)
 2 SYSTEMPATH\Model.php(196): CodeIgniter\Database\BaseBuilder->get()
 3 SYSTEMPATH\BaseModel.php(563): CodeIgniter\Model->doFind(true, '1')
 4 APPPATH\Controllers\ProductController.php(51): CodeIgniter\BaseModel->find('1')
 5 SYSTEMPATH\CodeIgniter.php(919): App\Controllers\ProductController->edit('1')
 6 SYSTEMPATH\CodeIgniter.php(494): CodeIgniter\CodeIgniter->runController(Object(App\Controllers\ProductController))
 7 SYSTEMPATH\CodeIgniter.php(353): CodeIgniter\CodeIgniter->handleRequest(null, Object(Config\Cache), false)
 8 FCPATH\index.php(79): CodeIgniter\CodeIgniter->run()
 9 SYSTEMPATH\Commands\Server\rewrite.php(47): require_once('C:\\laragon\\www\\Prod\\public\\index.php')
ERROR - 2023-09-21 14:16:08 --> mysqli_sql_exception: Unknown column 'prod.id' in 'where clause' in C:\laragon\www\Prod\system\Database\MySQLi\Connection.php:306
Stack trace:
#0 C:\laragon\www\Prod\system\Database\MySQLi\Connection.php(306): mysqli->query('SELECT *\nFROM `...', 0)
#1 C:\laragon\www\Prod\system\Database\BaseConnection.php(692): CodeIgniter\Database\MySQLi\Connection->execute('SELECT *\nFROM `...')
#2 C:\laragon\www\Prod\system\Database\BaseConnection.php(606): CodeIgniter\Database\BaseConnection->simpleQuery('SELECT *\nFROM `...')
#3 C:\laragon\www\Prod\system\Database\BaseBuilder.php(1615): CodeIgniter\Database\BaseConnection->query('SELECT *\nFROM `...', Array, false)
#4 C:\laragon\www\Prod\system\Model.php(196): CodeIgniter\Database\BaseBuilder->get()
#5 C:\laragon\www\Prod\system\BaseModel.php(563): CodeIgniter\Model->doFind(true, '1')
#6 C:\laragon\www\Prod\app\Controllers\ProductController.php(51): CodeIgniter\BaseModel->find('1')
#7 C:\laragon\www\Prod\system\CodeIgniter.php(919): App\Controllers\ProductController->edit('1')
#8 C:\laragon\www\Prod\system\CodeIgniter.php(494): CodeIgniter\CodeIgniter->runController(Object(App\Controllers\ProductController))
#9 C:\laragon\www\Prod\system\CodeIgniter.php(353): CodeIgniter\CodeIgniter->handleRequest(NULL, Object(Config\Cache), false)
#10 C:\laragon\www\Prod\public\index.php(79): CodeIgniter\CodeIgniter->run()
#11 C:\laragon\www\Prod\system\Commands\Server\rewrite.php(47): require_once('C:\\laragon\\www\\...')
#12 {main}
CRITICAL - 2023-09-21 14:16:08 --> Unknown column 'prod.id' in 'where clause'
in SYSTEMPATH\Database\BaseConnection.php on line 646.
 1 SYSTEMPATH\Database\BaseBuilder.php(1615): CodeIgniter\Database\BaseConnection->query('SELECT *
FROM `prod`
WHERE `prod`.`id` = :prod.id:', [...], false)
 2 SYSTEMPATH\Model.php(196): CodeIgniter\Database\BaseBuilder->get()
 3 SYSTEMPATH\BaseModel.php(563): CodeIgniter\Model->doFind(true, '1')
 4 APPPATH\Controllers\ProductController.php(51): CodeIgniter\BaseModel->find('1')
 5 SYSTEMPATH\CodeIgniter.php(919): App\Controllers\ProductController->edit('1')
 6 SYSTEMPATH\CodeIgniter.php(494): CodeIgniter\CodeIgniter->runController(Object(App\Controllers\ProductController))
 7 SYSTEMPATH\CodeIgniter.php(353): CodeIgniter\CodeIgniter->handleRequest(null, Object(Config\Cache), false)
 8 FCPATH\index.php(79): CodeIgniter\CodeIgniter->run()
 9 SYSTEMPATH\Commands\Server\rewrite.php(47): require_once('C:\\laragon\\www\\Prod\\public\\index.php')
ERROR - 2023-09-21 14:16:12 --> mysqli_sql_exception: Unknown column 'prod.id' in 'where clause' in C:\laragon\www\Prod\system\Database\MySQLi\Connection.php:306
Stack trace:
#0 C:\laragon\www\Prod\system\Database\MySQLi\Connection.php(306): mysqli->query('SELECT *\nFROM `...', 0)
#1 C:\laragon\www\Prod\system\Database\BaseConnection.php(692): CodeIgniter\Database\MySQLi\Connection->execute('SELECT *\nFROM `...')
#2 C:\laragon\www\Prod\system\Database\BaseConnection.php(606): CodeIgniter\Database\BaseConnection->simpleQuery('SELECT *\nFROM `...')
#3 C:\laragon\www\Prod\system\Database\BaseBuilder.php(1615): CodeIgniter\Database\BaseConnection->query('SELECT *\nFROM `...', Array, false)
#4 C:\laragon\www\Prod\system\Model.php(196): CodeIgniter\Database\BaseBuilder->get()
#5 C:\laragon\www\Prod\system\BaseModel.php(563): CodeIgniter\Model->doFind(true, '1')
#6 C:\laragon\www\Prod\app\Controllers\ProductController.php(51): CodeIgniter\BaseModel->find('1')
#7 C:\laragon\www\Prod\system\CodeIgniter.php(919): App\Controllers\ProductController->edit('1')
#8 C:\laragon\www\Prod\system\CodeIgniter.php(494): CodeIgniter\CodeIgniter->runController(Object(App\Controllers\ProductController))
#9 C:\laragon\www\Prod\system\CodeIgniter.php(353): CodeIgniter\CodeIgniter->handleRequest(NULL, Object(Config\Cache), false)
#10 C:\laragon\www\Prod\public\index.php(79): CodeIgniter\CodeIgniter->run()
#11 C:\laragon\www\Prod\system\Commands\Server\rewrite.php(47): require_once('C:\\laragon\\www\\...')
#12 {main}
CRITICAL - 2023-09-21 14:16:12 --> Unknown column 'prod.id' in 'where clause'
in SYSTEMPATH\Database\BaseConnection.php on line 646.
 1 SYSTEMPATH\Database\BaseBuilder.php(1615): CodeIgniter\Database\BaseConnection->query('SELECT *
FROM `prod`
WHERE `prod`.`id` = :prod.id:', [...], false)
 2 SYSTEMPATH\Model.php(196): CodeIgniter\Database\BaseBuilder->get()
 3 SYSTEMPATH\BaseModel.php(563): CodeIgniter\Model->doFind(true, '1')
 4 APPPATH\Controllers\ProductController.php(51): CodeIgniter\BaseModel->find('1')
 5 SYSTEMPATH\CodeIgniter.php(919): App\Controllers\ProductController->edit('1')
 6 SYSTEMPATH\CodeIgniter.php(494): CodeIgniter\CodeIgniter->runController(Object(App\Controllers\ProductController))
 7 SYSTEMPATH\CodeIgniter.php(353): CodeIgniter\CodeIgniter->handleRequest(null, Object(Config\Cache), false)
 8 FCPATH\index.php(79): CodeIgniter\CodeIgniter->run()
 9 SYSTEMPATH\Commands\Server\rewrite.php(47): require_once('C:\\laragon\\www\\Prod\\public\\index.php')
ERROR - 2023-09-21 14:19:48 --> mysqli_sql_exception: Unknown column 'prod.id' in 'where clause' in C:\laragon\www\Prod\system\Database\MySQLi\Connection.php:306
Stack trace:
#0 C:\laragon\www\Prod\system\Database\MySQLi\Connection.php(306): mysqli->query('SELECT *\nFROM `...', 0)
#1 C:\laragon\www\Prod\system\Database\BaseConnection.php(692): CodeIgniter\Database\MySQLi\Connection->execute('SELECT *\nFROM `...')
#2 C:\laragon\www\Prod\system\Database\BaseConnection.php(606): CodeIgniter\Database\BaseConnection->simpleQuery('SELECT *\nFROM `...')
#3 C:\laragon\www\Prod\system\Database\BaseBuilder.php(1615): CodeIgniter\Database\BaseConnection->query('SELECT *\nFROM `...', Array, false)
#4 C:\laragon\www\Prod\system\Model.php(196): CodeIgniter\Database\BaseBuilder->get()
#5 C:\laragon\www\Prod\system\BaseModel.php(563): CodeIgniter\Model->doFind(true, '1')
#6 C:\laragon\www\Prod\app\Controllers\ProductController.php(51): CodeIgniter\BaseModel->find('1')
#7 C:\laragon\www\Prod\system\CodeIgniter.php(919): App\Controllers\ProductController->edit('1')
#8 C:\laragon\www\Prod\system\CodeIgniter.php(494): CodeIgniter\CodeIgniter->runController(Object(App\Controllers\ProductController))
#9 C:\laragon\www\Prod\system\CodeIgniter.php(353): CodeIgniter\CodeIgniter->handleRequest(NULL, Object(Config\Cache), false)
#10 C:\laragon\www\Prod\public\index.php(79): CodeIgniter\CodeIgniter->run()
#11 C:\laragon\www\Prod\system\Commands\Server\rewrite.php(47): require_once('C:\\laragon\\www\\...')
#12 {main}
CRITICAL - 2023-09-21 14:19:48 --> Unknown column 'prod.id' in 'where clause'
in SYSTEMPATH\Database\BaseConnection.php on line 646.
 1 SYSTEMPATH\Database\BaseBuilder.php(1615): CodeIgniter\Database\BaseConnection->query('SELECT *
FROM `prod`
WHERE `prod`.`id` = :prod.id:', [...], false)
 2 SYSTEMPATH\Model.php(196): CodeIgniter\Database\BaseBuilder->get()
 3 SYSTEMPATH\BaseModel.php(563): CodeIgniter\Model->doFind(true, '1')
 4 APPPATH\Controllers\ProductController.php(51): CodeIgniter\BaseModel->find('1')
 5 SYSTEMPATH\CodeIgniter.php(919): App\Controllers\ProductController->edit('1')
 6 SYSTEMPATH\CodeIgniter.php(494): CodeIgniter\CodeIgniter->runController(Object(App\Controllers\ProductController))
 7 SYSTEMPATH\CodeIgniter.php(353): CodeIgniter\CodeIgniter->handleRequest(null, Object(Config\Cache), false)
 8 FCPATH\index.php(79): CodeIgniter\CodeIgniter->run()
 9 SYSTEMPATH\Commands\Server\rewrite.php(47): require_once('C:\\laragon\\www\\Prod\\public\\index.php')
ERROR - 2023-09-21 14:19:57 --> mysqli_sql_exception: Unknown column 'prod.id' in 'where clause' in C:\laragon\www\Prod\system\Database\MySQLi\Connection.php:306
Stack trace:
#0 C:\laragon\www\Prod\system\Database\MySQLi\Connection.php(306): mysqli->query('SELECT *\nFROM `...', 0)
#1 C:\laragon\www\Prod\system\Database\BaseConnection.php(692): CodeIgniter\Database\MySQLi\Connection->execute('SELECT *\nFROM `...')
#2 C:\laragon\www\Prod\system\Database\BaseConnection.php(606): CodeIgniter\Database\BaseConnection->simpleQuery('SELECT *\nFROM `...')
#3 C:\laragon\www\Prod\system\Database\BaseBuilder.php(1615): CodeIgniter\Database\BaseConnection->query('SELECT *\nFROM `...', Array, false)
#4 C:\laragon\www\Prod\system\Model.php(196): CodeIgniter\Database\BaseBuilder->get()
#5 C:\laragon\www\Prod\system\BaseModel.php(563): CodeIgniter\Model->doFind(true, '2')
#6 C:\laragon\www\Prod\app\Controllers\ProductController.php(51): CodeIgniter\BaseModel->find('2')
#7 C:\laragon\www\Prod\system\CodeIgniter.php(919): App\Controllers\ProductController->edit('2')
#8 C:\laragon\www\Prod\system\CodeIgniter.php(494): CodeIgniter\CodeIgniter->runController(Object(App\Controllers\ProductController))
#9 C:\laragon\www\Prod\system\CodeIgniter.php(353): CodeIgniter\CodeIgniter->handleRequest(NULL, Object(Config\Cache), false)
#10 C:\laragon\www\Prod\public\index.php(79): CodeIgniter\CodeIgniter->run()
#11 C:\laragon\www\Prod\system\Commands\Server\rewrite.php(47): require_once('C:\\laragon\\www\\...')
#12 {main}
CRITICAL - 2023-09-21 14:19:57 --> Unknown column 'prod.id' in 'where clause'
in SYSTEMPATH\Database\BaseConnection.php on line 646.
 1 SYSTEMPATH\Database\BaseBuilder.php(1615): CodeIgniter\Database\BaseConnection->query('SELECT *
FROM `prod`
WHERE `prod`.`id` = :prod.id:', [...], false)
 2 SYSTEMPATH\Model.php(196): CodeIgniter\Database\BaseBuilder->get()
 3 SYSTEMPATH\BaseModel.php(563): CodeIgniter\Model->doFind(true, '2')
 4 APPPATH\Controllers\ProductController.php(51): CodeIgniter\BaseModel->find('2')
 5 SYSTEMPATH\CodeIgniter.php(919): App\Controllers\ProductController->edit('2')
 6 SYSTEMPATH\CodeIgniter.php(494): CodeIgniter\CodeIgniter->runController(Object(App\Controllers\ProductController))
 7 SYSTEMPATH\CodeIgniter.php(353): CodeIgniter\CodeIgniter->handleRequest(null, Object(Config\Cache), false)
 8 FCPATH\index.php(79): CodeIgniter\CodeIgniter->run()
 9 SYSTEMPATH\Commands\Server\rewrite.php(47): require_once('C:\\laragon\\www\\Prod\\public\\index.php')
ERROR - 2023-09-21 14:22:03 --> mysqli_sql_exception: Unknown column 'prod.id' in 'where clause' in C:\laragon\www\Prod\system\Database\MySQLi\Connection.php:306
Stack trace:
#0 C:\laragon\www\Prod\system\Database\MySQLi\Connection.php(306): mysqli->query('SELECT *\nFROM `...', 0)
#1 C:\laragon\www\Prod\system\Database\BaseConnection.php(692): CodeIgniter\Database\MySQLi\Connection->execute('SELECT *\nFROM `...')
#2 C:\laragon\www\Prod\system\Database\BaseConnection.php(606): CodeIgniter\Database\BaseConnection->simpleQuery('SELECT *\nFROM `...')
#3 C:\laragon\www\Prod\system\Database\BaseBuilder.php(1615): CodeIgniter\Database\BaseConnection->query('SELECT *\nFROM `...', Array, false)
#4 C:\laragon\www\Prod\system\Model.php(196): CodeIgniter\Database\BaseBuilder->get()
#5 C:\laragon\www\Prod\system\BaseModel.php(563): CodeIgniter\Model->doFind(true, '1')
#6 C:\laragon\www\Prod\app\Controllers\ProductController.php(51): CodeIgniter\BaseModel->find('1')
#7 C:\laragon\www\Prod\system\CodeIgniter.php(919): App\Controllers\ProductController->edit('1')
#8 C:\laragon\www\Prod\system\CodeIgniter.php(494): CodeIgniter\CodeIgniter->runController(Object(App\Controllers\ProductController))
#9 C:\laragon\www\Prod\system\CodeIgniter.php(353): CodeIgniter\CodeIgniter->handleRequest(NULL, Object(Config\Cache), false)
#10 C:\laragon\www\Prod\public\index.php(79): CodeIgniter\CodeIgniter->run()
#11 C:\laragon\www\Prod\system\Commands\Server\rewrite.php(47): require_once('C:\\laragon\\www\\...')
#12 {main}
CRITICAL - 2023-09-21 14:22:03 --> Unknown column 'prod.id' in 'where clause'
in SYSTEMPATH\Database\BaseConnection.php on line 646.
 1 SYSTEMPATH\Database\BaseBuilder.php(1615): CodeIgniter\Database\BaseConnection->query('SELECT *
FROM `prod`
WHERE `prod`.`id` = :prod.id:', [...], false)
 2 SYSTEMPATH\Model.php(196): CodeIgniter\Database\BaseBuilder->get()
 3 SYSTEMPATH\BaseModel.php(563): CodeIgniter\Model->doFind(true, '1')
 4 APPPATH\Controllers\ProductController.php(51): CodeIgniter\BaseModel->find('1')
 5 SYSTEMPATH\CodeIgniter.php(919): App\Controllers\ProductController->edit('1')
 6 SYSTEMPATH\CodeIgniter.php(494): CodeIgniter\CodeIgniter->runController(Object(App\Controllers\ProductController))
 7 SYSTEMPATH\CodeIgniter.php(353): CodeIgniter\CodeIgniter->handleRequest(null, Object(Config\Cache), false)
 8 FCPATH\index.php(79): CodeIgniter\CodeIgniter->run()
 9 SYSTEMPATH\Commands\Server\rewrite.php(47): require_once('C:\\laragon\\www\\Prod\\public\\index.php')
ERROR - 2023-09-21 14:24:24 --> mysqli_sql_exception: Unknown column 'prod.id' in 'where clause' in C:\laragon\www\Prod\system\Database\MySQLi\Connection.php:306
Stack trace:
#0 C:\laragon\www\Prod\system\Database\MySQLi\Connection.php(306): mysqli->query('SELECT *\nFROM `...', 0)
#1 C:\laragon\www\Prod\system\Database\BaseConnection.php(692): CodeIgniter\Database\MySQLi\Connection->execute('SELECT *\nFROM `...')
#2 C:\laragon\www\Prod\system\Database\BaseConnection.php(606): CodeIgniter\Database\BaseConnection->simpleQuery('SELECT *\nFROM `...')
#3 C:\laragon\www\Prod\system\Database\BaseBuilder.php(1615): CodeIgniter\Database\BaseConnection->query('SELECT *\nFROM `...', Array, false)
#4 C:\laragon\www\Prod\system\Model.php(196): CodeIgniter\Database\BaseBuilder->get()
#5 C:\laragon\www\Prod\system\BaseModel.php(563): CodeIgniter\Model->doFind(true, '2')
#6 C:\laragon\www\Prod\app\Controllers\ProductController.php(51): CodeIgniter\BaseModel->find('2')
#7 C:\laragon\www\Prod\system\CodeIgniter.php(919): App\Controllers\ProductController->edit('2')
#8 C:\laragon\www\Prod\system\CodeIgniter.php(494): CodeIgniter\CodeIgniter->runController(Object(App\Controllers\ProductController))
#9 C:\laragon\www\Prod\system\CodeIgniter.php(353): CodeIgniter\CodeIgniter->handleRequest(NULL, Object(Config\Cache), false)
#10 C:\laragon\www\Prod\public\index.php(79): CodeIgniter\CodeIgniter->run()
#11 C:\laragon\www\Prod\system\Commands\Server\rewrite.php(47): require_once('C:\\laragon\\www\\...')
#12 {main}
CRITICAL - 2023-09-21 14:24:24 --> Unknown column 'prod.id' in 'where clause'
in SYSTEMPATH\Database\BaseConnection.php on line 646.
 1 SYSTEMPATH\Database\BaseBuilder.php(1615): CodeIgniter\Database\BaseConnection->query('SELECT *
FROM `prod`
WHERE `prod`.`id` = :prod.id:', [...], false)
 2 SYSTEMPATH\Model.php(196): CodeIgniter\Database\BaseBuilder->get()
 3 SYSTEMPATH\BaseModel.php(563): CodeIgniter\Model->doFind(true, '2')
 4 APPPATH\Controllers\ProductController.php(51): CodeIgniter\BaseModel->find('2')
 5 SYSTEMPATH\CodeIgniter.php(919): App\Controllers\ProductController->edit('2')
 6 SYSTEMPATH\CodeIgniter.php(494): CodeIgniter\CodeIgniter->runController(Object(App\Controllers\ProductController))
 7 SYSTEMPATH\CodeIgniter.php(353): CodeIgniter\CodeIgniter->handleRequest(null, Object(Config\Cache), false)
 8 FCPATH\index.php(79): CodeIgniter\CodeIgniter->run()
 9 SYSTEMPATH\Commands\Server\rewrite.php(47): require_once('C:\\laragon\\www\\Prod\\public\\index.php')
ERROR - 2023-09-21 14:25:52 --> mysqli_sql_exception: Unknown column 'prod.id' in 'where clause' in C:\laragon\www\Prod\system\Database\MySQLi\Connection.php:306
Stack trace:
#0 C:\laragon\www\Prod\system\Database\MySQLi\Connection.php(306): mysqli->query('SELECT *\nFROM `...', 0)
#1 C:\laragon\www\Prod\system\Database\BaseConnection.php(692): CodeIgniter\Database\MySQLi\Connection->execute('SELECT *\nFROM `...')
#2 C:\laragon\www\Prod\system\Database\BaseConnection.php(606): CodeIgniter\Database\BaseConnection->simpleQuery('SELECT *\nFROM `...')
#3 C:\laragon\www\Prod\system\Database\BaseBuilder.php(1615): CodeIgniter\Database\BaseConnection->query('SELECT *\nFROM `...', Array, false)
#4 C:\laragon\www\Prod\system\Model.php(196): CodeIgniter\Database\BaseBuilder->get()
#5 C:\laragon\www\Prod\system\BaseModel.php(563): CodeIgniter\Model->doFind(true, '2')
#6 C:\laragon\www\Prod\app\Controllers\ProductController.php(51): CodeIgniter\BaseModel->find('2')
#7 C:\laragon\www\Prod\system\CodeIgniter.php(919): App\Controllers\ProductController->edit('2')
#8 C:\laragon\www\Prod\system\CodeIgniter.php(494): CodeIgniter\CodeIgniter->runController(Object(App\Controllers\ProductController))
#9 C:\laragon\www\Prod\system\CodeIgniter.php(353): CodeIgniter\CodeIgniter->handleRequest(NULL, Object(Config\Cache), false)
#10 C:\laragon\www\Prod\public\index.php(79): CodeIgniter\CodeIgniter->run()
#11 C:\laragon\www\Prod\system\Commands\Server\rewrite.php(47): require_once('C:\\laragon\\www\\...')
#12 {main}
CRITICAL - 2023-09-21 14:25:52 --> Unknown column 'prod.id' in 'where clause'
in SYSTEMPATH\Database\BaseConnection.php on line 646.
 1 SYSTEMPATH\Database\BaseBuilder.php(1615): CodeIgniter\Database\BaseConnection->query('SELECT *
FROM `prod`
WHERE `prod`.`id` = :prod.id:', [...], false)
 2 SYSTEMPATH\Model.php(196): CodeIgniter\Database\BaseBuilder->get()
 3 SYSTEMPATH\BaseModel.php(563): CodeIgniter\Model->doFind(true, '2')
 4 APPPATH\Controllers\ProductController.php(51): CodeIgniter\BaseModel->find('2')
 5 SYSTEMPATH\CodeIgniter.php(919): App\Controllers\ProductController->edit('2')
 6 SYSTEMPATH\CodeIgniter.php(494): CodeIgniter\CodeIgniter->runController(Object(App\Controllers\ProductController))
 7 SYSTEMPATH\CodeIgniter.php(353): CodeIgniter\CodeIgniter->handleRequest(null, Object(Config\Cache), false)
 8 FCPATH\index.php(79): CodeIgniter\CodeIgniter->run()
 9 SYSTEMPATH\Commands\Server\rewrite.php(47): require_once('C:\\laragon\\www\\Prod\\public\\index.php')
ERROR - 2023-09-21 14:25:55 --> mysqli_sql_exception: Unknown column 'prod.id' in 'where clause' in C:\laragon\www\Prod\system\Database\MySQLi\Connection.php:306
Stack trace:
#0 C:\laragon\www\Prod\system\Database\MySQLi\Connection.php(306): mysqli->query('SELECT *\nFROM `...', 0)
#1 C:\laragon\www\Prod\system\Database\BaseConnection.php(692): CodeIgniter\Database\MySQLi\Connection->execute('SELECT *\nFROM `...')
#2 C:\laragon\www\Prod\system\Database\BaseConnection.php(606): CodeIgniter\Database\BaseConnection->simpleQuery('SELECT *\nFROM `...')
#3 C:\laragon\www\Prod\system\Database\BaseBuilder.php(1615): CodeIgniter\Database\BaseConnection->query('SELECT *\nFROM `...', Array, false)
#4 C:\laragon\www\Prod\system\Model.php(196): CodeIgniter\Database\BaseBuilder->get()
#5 C:\laragon\www\Prod\system\BaseModel.php(563): CodeIgniter\Model->doFind(true, '2')
#6 C:\laragon\www\Prod\app\Controllers\ProductController.php(51): CodeIgniter\BaseModel->find('2')
#7 C:\laragon\www\Prod\system\CodeIgniter.php(919): App\Controllers\ProductController->edit('2')
#8 C:\laragon\www\Prod\system\CodeIgniter.php(494): CodeIgniter\CodeIgniter->runController(Object(App\Controllers\ProductController))
#9 C:\laragon\www\Prod\system\CodeIgniter.php(353): CodeIgniter\CodeIgniter->handleRequest(NULL, Object(Config\Cache), false)
#10 C:\laragon\www\Prod\public\index.php(79): CodeIgniter\CodeIgniter->run()
#11 C:\laragon\www\Prod\system\Commands\Server\rewrite.php(47): require_once('C:\\laragon\\www\\...')
#12 {main}
CRITICAL - 2023-09-21 14:25:55 --> Unknown column 'prod.id' in 'where clause'
in SYSTEMPATH\Database\BaseConnection.php on line 646.
 1 SYSTEMPATH\Database\BaseBuilder.php(1615): CodeIgniter\Database\BaseConnection->query('SELECT *
FROM `prod`
WHERE `prod`.`id` = :prod.id:', [...], false)
 2 SYSTEMPATH\Model.php(196): CodeIgniter\Database\BaseBuilder->get()
 3 SYSTEMPATH\BaseModel.php(563): CodeIgniter\Model->doFind(true, '2')
 4 APPPATH\Controllers\ProductController.php(51): CodeIgniter\BaseModel->find('2')
 5 SYSTEMPATH\CodeIgniter.php(919): App\Controllers\ProductController->edit('2')
 6 SYSTEMPATH\CodeIgniter.php(494): CodeIgniter\CodeIgniter->runController(Object(App\Controllers\ProductController))
 7 SYSTEMPATH\CodeIgniter.php(353): CodeIgniter\CodeIgniter->handleRequest(null, Object(Config\Cache), false)
 8 FCPATH\index.php(79): CodeIgniter\CodeIgniter->run()
 9 SYSTEMPATH\Commands\Server\rewrite.php(47): require_once('C:\\laragon\\www\\Prod\\public\\index.php')
ERROR - 2023-09-21 14:27:27 --> mysqli_sql_exception: Unknown column 'prod.id' in 'where clause' in C:\laragon\www\Prod\system\Database\MySQLi\Connection.php:306
Stack trace:
#0 C:\laragon\www\Prod\system\Database\MySQLi\Connection.php(306): mysqli->query('SELECT *\nFROM `...', 0)
#1 C:\laragon\www\Prod\system\Database\BaseConnection.php(692): CodeIgniter\Database\MySQLi\Connection->execute('SELECT *\nFROM `...')
#2 C:\laragon\www\Prod\system\Database\BaseConnection.php(606): CodeIgniter\Database\BaseConnection->simpleQuery('SELECT *\nFROM `...')
#3 C:\laragon\www\Prod\system\Database\BaseBuilder.php(1615): CodeIgniter\Database\BaseConnection->query('SELECT *\nFROM `...', Array, false)
#4 C:\laragon\www\Prod\system\Model.php(196): CodeIgniter\Database\BaseBuilder->get()
#5 C:\laragon\www\Prod\system\BaseModel.php(563): CodeIgniter\Model->doFind(true, '2')
#6 C:\laragon\www\Prod\app\Controllers\ProductController.php(51): CodeIgniter\BaseModel->find('2')
#7 C:\laragon\www\Prod\system\CodeIgniter.php(919): App\Controllers\ProductController->edit('2')
#8 C:\laragon\www\Prod\system\CodeIgniter.php(494): CodeIgniter\CodeIgniter->runController(Object(App\Controllers\ProductController))
#9 C:\laragon\www\Prod\system\CodeIgniter.php(353): CodeIgniter\CodeIgniter->handleRequest(NULL, Object(Config\Cache), false)
#10 C:\laragon\www\Prod\public\index.php(79): CodeIgniter\CodeIgniter->run()
#11 C:\laragon\www\Prod\system\Commands\Server\rewrite.php(47): require_once('C:\\laragon\\www\\...')
#12 {main}
CRITICAL - 2023-09-21 14:27:27 --> Unknown column 'prod.id' in 'where clause'
in SYSTEMPATH\Database\BaseConnection.php on line 646.
 1 SYSTEMPATH\Database\BaseBuilder.php(1615): CodeIgniter\Database\BaseConnection->query('SELECT *
FROM `prod`
WHERE `prod`.`id` = :prod.id:', [...], false)
 2 SYSTEMPATH\Model.php(196): CodeIgniter\Database\BaseBuilder->get()
 3 SYSTEMPATH\BaseModel.php(563): CodeIgniter\Model->doFind(true, '2')
 4 APPPATH\Controllers\ProductController.php(51): CodeIgniter\BaseModel->find('2')
 5 SYSTEMPATH\CodeIgniter.php(919): App\Controllers\ProductController->edit('2')
 6 SYSTEMPATH\CodeIgniter.php(494): CodeIgniter\CodeIgniter->runController(Object(App\Controllers\ProductController))
 7 SYSTEMPATH\CodeIgniter.php(353): CodeIgniter\CodeIgniter->handleRequest(null, Object(Config\Cache), false)
 8 FCPATH\index.php(79): CodeIgniter\CodeIgniter->run()
 9 SYSTEMPATH\Commands\Server\rewrite.php(47): require_once('C:\\laragon\\www\\Prod\\public\\index.php')
ERROR - 2023-09-21 14:27:31 --> mysqli_sql_exception: Unknown column 'prod.id' in 'where clause' in C:\laragon\www\Prod\system\Database\MySQLi\Connection.php:306
Stack trace:
#0 C:\laragon\www\Prod\system\Database\MySQLi\Connection.php(306): mysqli->query('SELECT *\nFROM `...', 0)
#1 C:\laragon\www\Prod\system\Database\BaseConnection.php(692): CodeIgniter\Database\MySQLi\Connection->execute('SELECT *\nFROM `...')
#2 C:\laragon\www\Prod\system\Database\BaseConnection.php(606): CodeIgniter\Database\BaseConnection->simpleQuery('SELECT *\nFROM `...')
#3 C:\laragon\www\Prod\system\Database\BaseBuilder.php(1615): CodeIgniter\Database\BaseConnection->query('SELECT *\nFROM `...', Array, false)
#4 C:\laragon\www\Prod\system\Model.php(196): CodeIgniter\Database\BaseBuilder->get()
#5 C:\laragon\www\Prod\system\BaseModel.php(563): CodeIgniter\Model->doFind(true, '1')
#6 C:\laragon\www\Prod\app\Controllers\ProductController.php(51): CodeIgniter\BaseModel->find('1')
#7 C:\laragon\www\Prod\system\CodeIgniter.php(919): App\Controllers\ProductController->edit('1')
#8 C:\laragon\www\Prod\system\CodeIgniter.php(494): CodeIgniter\CodeIgniter->runController(Object(App\Controllers\ProductController))
#9 C:\laragon\www\Prod\system\CodeIgniter.php(353): CodeIgniter\CodeIgniter->handleRequest(NULL, Object(Config\Cache), false)
#10 C:\laragon\www\Prod\public\index.php(79): CodeIgniter\CodeIgniter->run()
#11 C:\laragon\www\Prod\system\Commands\Server\rewrite.php(47): require_once('C:\\laragon\\www\\...')
#12 {main}
CRITICAL - 2023-09-21 14:27:31 --> Unknown column 'prod.id' in 'where clause'
in SYSTEMPATH\Database\BaseConnection.php on line 646.
 1 SYSTEMPATH\Database\BaseBuilder.php(1615): CodeIgniter\Database\BaseConnection->query('SELECT *
FROM `prod`
WHERE `prod`.`id` = :prod.id:', [...], false)
 2 SYSTEMPATH\Model.php(196): CodeIgniter\Database\BaseBuilder->get()
 3 SYSTEMPATH\BaseModel.php(563): CodeIgniter\Model->doFind(true, '1')
 4 APPPATH\Controllers\ProductController.php(51): CodeIgniter\BaseModel->find('1')
 5 SYSTEMPATH\CodeIgniter.php(919): App\Controllers\ProductController->edit('1')
 6 SYSTEMPATH\CodeIgniter.php(494): CodeIgniter\CodeIgniter->runController(Object(App\Controllers\ProductController))
 7 SYSTEMPATH\CodeIgniter.php(353): CodeIgniter\CodeIgniter->handleRequest(null, Object(Config\Cache), false)
 8 FCPATH\index.php(79): CodeIgniter\CodeIgniter->run()
 9 SYSTEMPATH\Commands\Server\rewrite.php(47): require_once('C:\\laragon\\www\\Prod\\public\\index.php')
ERROR - 2023-09-21 14:29:39 --> mysqli_sql_exception: Unknown column 'prod.id' in 'where clause' in C:\laragon\www\Prod\system\Database\MySQLi\Connection.php:306
Stack trace:
#0 C:\laragon\www\Prod\system\Database\MySQLi\Connection.php(306): mysqli->query('SELECT *\nFROM `...', 0)
#1 C:\laragon\www\Prod\system\Database\BaseConnection.php(692): CodeIgniter\Database\MySQLi\Connection->execute('SELECT *\nFROM `...')
#2 C:\laragon\www\Prod\system\Database\BaseConnection.php(606): CodeIgniter\Database\BaseConnection->simpleQuery('SELECT *\nFROM `...')
#3 C:\laragon\www\Prod\system\Database\BaseBuilder.php(1615): CodeIgniter\Database\BaseConnection->query('SELECT *\nFROM `...', Array, false)
#4 C:\laragon\www\Prod\system\Model.php(196): CodeIgniter\Database\BaseBuilder->get()
#5 C:\laragon\www\Prod\system\BaseModel.php(563): CodeIgniter\Model->doFind(true, '1')
#6 C:\laragon\www\Prod\app\Controllers\ProductController.php(51): CodeIgniter\BaseModel->find('1')
#7 C:\laragon\www\Prod\system\CodeIgniter.php(919): App\Controllers\ProductController->edit('1')
#8 C:\laragon\www\Prod\system\CodeIgniter.php(494): CodeIgniter\CodeIgniter->runController(Object(App\Controllers\ProductController))
#9 C:\laragon\www\Prod\system\CodeIgniter.php(353): CodeIgniter\CodeIgniter->handleRequest(NULL, Object(Config\Cache), false)
#10 C:\laragon\www\Prod\public\index.php(79): CodeIgniter\CodeIgniter->run()
#11 C:\laragon\www\Prod\system\Commands\Server\rewrite.php(47): require_once('C:\\laragon\\www\\...')
#12 {main}
CRITICAL - 2023-09-21 14:29:39 --> Unknown column 'prod.id' in 'where clause'
in SYSTEMPATH\Database\BaseConnection.php on line 646.
 1 SYSTEMPATH\Database\BaseBuilder.php(1615): CodeIgniter\Database\BaseConnection->query('SELECT *
FROM `prod`
WHERE `prod`.`id` = :prod.id:', [...], false)
 2 SYSTEMPATH\Model.php(196): CodeIgniter\Database\BaseBuilder->get()
 3 SYSTEMPATH\BaseModel.php(563): CodeIgniter\Model->doFind(true, '1')
 4 APPPATH\Controllers\ProductController.php(51): CodeIgniter\BaseModel->find('1')
 5 SYSTEMPATH\CodeIgniter.php(919): App\Controllers\ProductController->edit('1')
 6 SYSTEMPATH\CodeIgniter.php(494): CodeIgniter\CodeIgniter->runController(Object(App\Controllers\ProductController))
 7 SYSTEMPATH\CodeIgniter.php(353): CodeIgniter\CodeIgniter->handleRequest(null, Object(Config\Cache), false)
 8 FCPATH\index.php(79): CodeIgniter\CodeIgniter->run()
 9 SYSTEMPATH\Commands\Server\rewrite.php(47): require_once('C:\\laragon\\www\\Prod\\public\\index.php')
ERROR - 2023-09-21 14:29:51 --> mysqli_sql_exception: Unknown column 'prod.id' in 'where clause' in C:\laragon\www\Prod\system\Database\MySQLi\Connection.php:306
Stack trace:
#0 C:\laragon\www\Prod\system\Database\MySQLi\Connection.php(306): mysqli->query('SELECT *\nFROM `...', 0)
#1 C:\laragon\www\Prod\system\Database\BaseConnection.php(692): CodeIgniter\Database\MySQLi\Connection->execute('SELECT *\nFROM `...')
#2 C:\laragon\www\Prod\system\Database\BaseConnection.php(606): CodeIgniter\Database\BaseConnection->simpleQuery('SELECT *\nFROM `...')
#3 C:\laragon\www\Prod\system\Database\BaseBuilder.php(1615): CodeIgniter\Database\BaseConnection->query('SELECT *\nFROM `...', Array, false)
#4 C:\laragon\www\Prod\system\Model.php(196): CodeIgniter\Database\BaseBuilder->get()
#5 C:\laragon\www\Prod\system\BaseModel.php(563): CodeIgniter\Model->doFind(true, '1')
#6 C:\laragon\www\Prod\app\Controllers\ProductController.php(51): CodeIgniter\BaseModel->find('1')
#7 C:\laragon\www\Prod\system\CodeIgniter.php(919): App\Controllers\ProductController->edit('1')
#8 C:\laragon\www\Prod\system\CodeIgniter.php(494): CodeIgniter\CodeIgniter->runController(Object(App\Controllers\ProductController))
#9 C:\laragon\www\Prod\system\CodeIgniter.php(353): CodeIgniter\CodeIgniter->handleRequest(NULL, Object(Config\Cache), false)
#10 C:\laragon\www\Prod\public\index.php(79): CodeIgniter\CodeIgniter->run()
#11 C:\laragon\www\Prod\system\Commands\Server\rewrite.php(47): require_once('C:\\laragon\\www\\...')
#12 {main}
CRITICAL - 2023-09-21 14:29:51 --> Unknown column 'prod.id' in 'where clause'
in SYSTEMPATH\Database\BaseConnection.php on line 646.
 1 SYSTEMPATH\Database\BaseBuilder.php(1615): CodeIgniter\Database\BaseConnection->query('SELECT *
FROM `prod`
WHERE `prod`.`id` = :prod.id:', [...], false)
 2 SYSTEMPATH\Model.php(196): CodeIgniter\Database\BaseBuilder->get()
 3 SYSTEMPATH\BaseModel.php(563): CodeIgniter\Model->doFind(true, '1')
 4 APPPATH\Controllers\ProductController.php(51): CodeIgniter\BaseModel->find('1')
 5 SYSTEMPATH\CodeIgniter.php(919): App\Controllers\ProductController->edit('1')
 6 SYSTEMPATH\CodeIgniter.php(494): CodeIgniter\CodeIgniter->runController(Object(App\Controllers\ProductController))
 7 SYSTEMPATH\CodeIgniter.php(353): CodeIgniter\CodeIgniter->handleRequest(null, Object(Config\Cache), false)
 8 FCPATH\index.php(79): CodeIgniter\CodeIgniter->run()
 9 SYSTEMPATH\Commands\Server\rewrite.php(47): require_once('C:\\laragon\\www\\Prod\\public\\index.php')
CRITICAL - 2023-09-21 14:30:51 --> Undefined array key "id"
in APPPATH\Views\product\index.php on line 101.
 1 APPPATH\Views\product\index.php(101): CodeIgniter\Debug\Exceptions->errorHandler(2, 'Undefined array key "id"', 'C:\\laragon\\www\\Prod\\app\\Views\\product\\index.php', 101)
 2 SYSTEMPATH\View\View.php(226): include('C:\\laragon\\www\\Prod\\app\\Views\\product\\index.php')
 3 SYSTEMPATH\View\View.php(229): CodeIgniter\View\View->CodeIgniter\View\{closure}()
 4 SYSTEMPATH\Common.php(1188): CodeIgniter\View\View->render('product/index', [], true)
 5 APPPATH\Controllers\ProductController.php(16): view('product/index', [...])
 6 SYSTEMPATH\CodeIgniter.php(919): App\Controllers\ProductController->index()
 7 SYSTEMPATH\CodeIgniter.php(494): CodeIgniter\CodeIgniter->runController(Object(App\Controllers\ProductController))
 8 SYSTEMPATH\CodeIgniter.php(353): CodeIgniter\CodeIgniter->handleRequest(null, Object(Config\Cache), false)
 9 FCPATH\index.php(79): CodeIgniter\CodeIgniter->run()
10 SYSTEMPATH\Commands\Server\rewrite.php(47): require_once('C:\\laragon\\www\\Prod\\public\\index.php')
